<?xml version="1.0" encoding="UTF-8"?>
<testsuite xmlns:xsi="http://www.w3.org/2001/XMLSchema-instance" xsi:noNamespaceSchemaLocation="https://maven.apache.org/surefire/maven-surefire-plugin/xsd/surefire-test-report.xsd" name="TestSuite" time="445.413" tests="21" errors="0" skipped="17" failures="3">
  <properties>
    <property name="sun.desktop" value="windows"/>
    <property name="awt.toolkit" value="sun.awt.windows.WToolkit"/>
    <property name="file.encoding.pkg" value="sun.io"/>
    <property name="java.specification.version" value="1.8"/>
    <property name="sun.cpu.isalist" value="amd64"/>
    <property name="sun.jnu.encoding" value="Cp1252"/>
    <property name="java.class.path" value="C:\Users\rajneeshk\workspace\FreeCRM\target\test-classes;C:\Users\rajneeshk\workspace\FreeCRM\target\classes;C:\Users\rajneeshk\.m2\repository\org\seleniumhq\selenium\selenium-java\3.14.0\selenium-java-3.14.0.jar;C:\Users\rajneeshk\.m2\repository\org\seleniumhq\selenium\selenium-api\3.14.0\selenium-api-3.14.0.jar;C:\Users\rajneeshk\.m2\repository\org\seleniumhq\selenium\selenium-chrome-driver\3.14.0\selenium-chrome-driver-3.14.0.jar;C:\Users\rajneeshk\.m2\repository\org\seleniumhq\selenium\selenium-edge-driver\3.14.0\selenium-edge-driver-3.14.0.jar;C:\Users\rajneeshk\.m2\repository\org\seleniumhq\selenium\selenium-firefox-driver\3.14.0\selenium-firefox-driver-3.14.0.jar;C:\Users\rajneeshk\.m2\repository\org\seleniumhq\selenium\selenium-ie-driver\3.14.0\selenium-ie-driver-3.14.0.jar;C:\Users\rajneeshk\.m2\repository\org\seleniumhq\selenium\selenium-opera-driver\3.14.0\selenium-opera-driver-3.14.0.jar;C:\Users\rajneeshk\.m2\repository\org\seleniumhq\selenium\selenium-remote-driver\3.14.0\selenium-remote-driver-3.14.0.jar;C:\Users\rajneeshk\.m2\repository\org\seleniumhq\selenium\selenium-safari-driver\3.14.0\selenium-safari-driver-3.14.0.jar;C:\Users\rajneeshk\.m2\repository\org\seleniumhq\selenium\selenium-support\3.14.0\selenium-support-3.14.0.jar;C:\Users\rajneeshk\.m2\repository\net\bytebuddy\byte-buddy\1.8.15\byte-buddy-1.8.15.jar;C:\Users\rajneeshk\.m2\repository\org\apache\commons\commons-exec\1.3\commons-exec-1.3.jar;C:\Users\rajneeshk\.m2\repository\commons-codec\commons-codec\1.10\commons-codec-1.10.jar;C:\Users\rajneeshk\.m2\repository\commons-logging\commons-logging\1.2\commons-logging-1.2.jar;C:\Users\rajneeshk\.m2\repository\com\google\guava\guava\25.0-jre\guava-25.0-jre.jar;C:\Users\rajneeshk\.m2\repository\com\google\code\findbugs\jsr305\1.3.9\jsr305-1.3.9.jar;C:\Users\rajneeshk\.m2\repository\org\checkerframework\checker-compat-qual\2.0.0\checker-compat-qual-2.0.0.jar;C:\Users\rajneeshk\.m2\repository\com\google\errorprone\error_prone_annotations\2.1.3\error_prone_annotations-2.1.3.jar;C:\Users\rajneeshk\.m2\repository\com\google\j2objc\j2objc-annotations\1.1\j2objc-annotations-1.1.jar;C:\Users\rajneeshk\.m2\repository\org\codehaus\mojo\animal-sniffer-annotations\1.14\animal-sniffer-annotations-1.14.jar;C:\Users\rajneeshk\.m2\repository\org\apache\httpcomponents\httpclient\4.5.5\httpclient-4.5.5.jar;C:\Users\rajneeshk\.m2\repository\org\apache\httpcomponents\httpcore\4.4.9\httpcore-4.4.9.jar;C:\Users\rajneeshk\.m2\repository\com\squareup\okhttp3\okhttp\3.10.0\okhttp-3.10.0.jar;C:\Users\rajneeshk\.m2\repository\com\squareup\okio\okio\1.14.1\okio-1.14.1.jar;C:\Users\rajneeshk\.m2\repository\org\testng\testng\6.11\testng-6.11.jar;C:\Users\rajneeshk\.m2\repository\com\beust\jcommander\1.64\jcommander-1.64.jar;C:\Users\rajneeshk\.m2\repository\org\yaml\snakeyaml\1.17\snakeyaml-1.17.jar;C:\Users\rajneeshk\.m2\repository\org\apache\poi\poi\3.9\poi-3.9.jar;C:\Users\rajneeshk\.m2\repository\org\apache\poi\poi-ooxml\3.9\poi-ooxml-3.9.jar;C:\Users\rajneeshk\.m2\repository\dom4j\dom4j\1.6.1\dom4j-1.6.1.jar;C:\Users\rajneeshk\.m2\repository\xml-apis\xml-apis\1.0.b2\xml-apis-1.0.b2.jar;C:\Users\rajneeshk\.m2\repository\org\apache\poi\poi-ooxml-schemas\3.9\poi-ooxml-schemas-3.9.jar;C:\Users\rajneeshk\.m2\repository\org\apache\xmlbeans\xmlbeans\2.3.0\xmlbeans-2.3.0.jar;C:\Users\rajneeshk\.m2\repository\stax\stax-api\1.0.1\stax-api-1.0.1.jar;C:\Users\rajneeshk\.m2\repository\org\apache\poi\poi-scratchpad\3.9\poi-scratchpad-3.9.jar;C:\Users\rajneeshk\.m2\repository\org\apache\poi\ooxml-schemas\1.1\ooxml-schemas-1.1.jar;C:\Users\rajneeshk\.m2\repository\org\apache\poi\openxml4j\1.0-beta\openxml4j-1.0-beta.jar;C:\Users\rajneeshk\.m2\repository\log4j\log4j\1.2.8\log4j-1.2.8.jar;C:\Users\rajneeshk\.m2\repository\com\relevantcodes\extentreports\2.41.2\extentreports-2.41.2.jar;C:\Users\rajneeshk\.m2\repository\org\jsoup\jsoup\1.8.3\jsoup-1.8.3.jar;C:\Users\rajneeshk\.m2\repository\org\xerial\sqlite-jdbc\3.8.11.1\sqlite-jdbc-3.8.11.1.jar;C:\Users\rajneeshk\.m2\repository\org\freemarker\freemarker\2.3.23\freemarker-2.3.23.jar;C:\Users\rajneeshk\.m2\repository\org\mongodb\mongodb-driver\3.0.4\mongodb-driver-3.0.4.jar;C:\Users\rajneeshk\.m2\repository\org\mongodb\bson\3.0.4\bson-3.0.4.jar;C:\Users\rajneeshk\.m2\repository\org\mongodb\mongodb-driver-core\3.0.4\mongodb-driver-core-3.0.4.jar;C:\Users\rajneeshk\.m2\repository\commons-io\commons-io\2.6\commons-io-2.6.jar;C:\Users\rajneeshk\.m2\repository\org\apache\maven\surefire\surefire-testng-utils\2.20.1\surefire-testng-utils-2.20.1.jar;C:\Users\rajneeshk\.m2\repository\org\apache\maven\surefire\surefire-grouper\2.20.1\surefire-grouper-2.20.1.jar;"/>
    <property name="java.vm.vendor" value="Oracle Corporation"/>
    <property name="sun.arch.data.model" value="64"/>
    <property name="user.variant" value=""/>
    <property name="java.vendor.url" value="http://java.oracle.com/"/>
    <property name="user.timezone" value=""/>
    <property name="java.vm.specification.version" value="1.8"/>
    <property name="os.name" value="Windows 10"/>
    <property name="user.country" value="IN"/>
    <property name="sun.java.launcher" value="SUN_STANDARD"/>
    <property name="sun.boot.library.path" value="C:\Program Files\Java\jdk1.8.0_231\jre\bin"/>
    <property name="sun.java.command" value="C:\Users\RAJNEE~1\AppData\Local\Temp\surefire9032253447617288157\surefirebooter368481440771658086.jar C:\Users\rajneeshk\AppData\Local\Temp\surefire9032253447617288157 2020-06-22T20-56-57_849-jvmRun1 surefire3438297413436220593tmp surefire_08115342216277661417tmp"/>
    <property name="surefire.test.class.path" value="C:\Users\rajneeshk\workspace\FreeCRM\target\test-classes;C:\Users\rajneeshk\workspace\FreeCRM\target\classes;C:\Users\rajneeshk\.m2\repository\org\seleniumhq\selenium\selenium-java\3.14.0\selenium-java-3.14.0.jar;C:\Users\rajneeshk\.m2\repository\org\seleniumhq\selenium\selenium-api\3.14.0\selenium-api-3.14.0.jar;C:\Users\rajneeshk\.m2\repository\org\seleniumhq\selenium\selenium-chrome-driver\3.14.0\selenium-chrome-driver-3.14.0.jar;C:\Users\rajneeshk\.m2\repository\org\seleniumhq\selenium\selenium-edge-driver\3.14.0\selenium-edge-driver-3.14.0.jar;C:\Users\rajneeshk\.m2\repository\org\seleniumhq\selenium\selenium-firefox-driver\3.14.0\selenium-firefox-driver-3.14.0.jar;C:\Users\rajneeshk\.m2\repository\org\seleniumhq\selenium\selenium-ie-driver\3.14.0\selenium-ie-driver-3.14.0.jar;C:\Users\rajneeshk\.m2\repository\org\seleniumhq\selenium\selenium-opera-driver\3.14.0\selenium-opera-driver-3.14.0.jar;C:\Users\rajneeshk\.m2\repository\org\seleniumhq\selenium\selenium-remote-driver\3.14.0\selenium-remote-driver-3.14.0.jar;C:\Users\rajneeshk\.m2\repository\org\seleniumhq\selenium\selenium-safari-driver\3.14.0\selenium-safari-driver-3.14.0.jar;C:\Users\rajneeshk\.m2\repository\org\seleniumhq\selenium\selenium-support\3.14.0\selenium-support-3.14.0.jar;C:\Users\rajneeshk\.m2\repository\net\bytebuddy\byte-buddy\1.8.15\byte-buddy-1.8.15.jar;C:\Users\rajneeshk\.m2\repository\org\apache\commons\commons-exec\1.3\commons-exec-1.3.jar;C:\Users\rajneeshk\.m2\repository\commons-codec\commons-codec\1.10\commons-codec-1.10.jar;C:\Users\rajneeshk\.m2\repository\commons-logging\commons-logging\1.2\commons-logging-1.2.jar;C:\Users\rajneeshk\.m2\repository\com\google\guava\guava\25.0-jre\guava-25.0-jre.jar;C:\Users\rajneeshk\.m2\repository\com\google\code\findbugs\jsr305\1.3.9\jsr305-1.3.9.jar;C:\Users\rajneeshk\.m2\repository\org\checkerframework\checker-compat-qual\2.0.0\checker-compat-qual-2.0.0.jar;C:\Users\rajneeshk\.m2\repository\com\google\errorprone\error_prone_annotations\2.1.3\error_prone_annotations-2.1.3.jar;C:\Users\rajneeshk\.m2\repository\com\google\j2objc\j2objc-annotations\1.1\j2objc-annotations-1.1.jar;C:\Users\rajneeshk\.m2\repository\org\codehaus\mojo\animal-sniffer-annotations\1.14\animal-sniffer-annotations-1.14.jar;C:\Users\rajneeshk\.m2\repository\org\apache\httpcomponents\httpclient\4.5.5\httpclient-4.5.5.jar;C:\Users\rajneeshk\.m2\repository\org\apache\httpcomponents\httpcore\4.4.9\httpcore-4.4.9.jar;C:\Users\rajneeshk\.m2\repository\com\squareup\okhttp3\okhttp\3.10.0\okhttp-3.10.0.jar;C:\Users\rajneeshk\.m2\repository\com\squareup\okio\okio\1.14.1\okio-1.14.1.jar;C:\Users\rajneeshk\.m2\repository\org\testng\testng\6.11\testng-6.11.jar;C:\Users\rajneeshk\.m2\repository\com\beust\jcommander\1.64\jcommander-1.64.jar;C:\Users\rajneeshk\.m2\repository\org\yaml\snakeyaml\1.17\snakeyaml-1.17.jar;C:\Users\rajneeshk\.m2\repository\org\apache\poi\poi\3.9\poi-3.9.jar;C:\Users\rajneeshk\.m2\repository\org\apache\poi\poi-ooxml\3.9\poi-ooxml-3.9.jar;C:\Users\rajneeshk\.m2\repository\dom4j\dom4j\1.6.1\dom4j-1.6.1.jar;C:\Users\rajneeshk\.m2\repository\xml-apis\xml-apis\1.0.b2\xml-apis-1.0.b2.jar;C:\Users\rajneeshk\.m2\repository\org\apache\poi\poi-ooxml-schemas\3.9\poi-ooxml-schemas-3.9.jar;C:\Users\rajneeshk\.m2\repository\org\apache\xmlbeans\xmlbeans\2.3.0\xmlbeans-2.3.0.jar;C:\Users\rajneeshk\.m2\repository\stax\stax-api\1.0.1\stax-api-1.0.1.jar;C:\Users\rajneeshk\.m2\repository\org\apache\poi\poi-scratchpad\3.9\poi-scratchpad-3.9.jar;C:\Users\rajneeshk\.m2\repository\org\apache\poi\ooxml-schemas\1.1\ooxml-schemas-1.1.jar;C:\Users\rajneeshk\.m2\repository\org\apache\poi\openxml4j\1.0-beta\openxml4j-1.0-beta.jar;C:\Users\rajneeshk\.m2\repository\log4j\log4j\1.2.8\log4j-1.2.8.jar;C:\Users\rajneeshk\.m2\repository\com\relevantcodes\extentreports\2.41.2\extentreports-2.41.2.jar;C:\Users\rajneeshk\.m2\repository\org\jsoup\jsoup\1.8.3\jsoup-1.8.3.jar;C:\Users\rajneeshk\.m2\repository\org\xerial\sqlite-jdbc\3.8.11.1\sqlite-jdbc-3.8.11.1.jar;C:\Users\rajneeshk\.m2\repository\org\freemarker\freemarker\2.3.23\freemarker-2.3.23.jar;C:\Users\rajneeshk\.m2\repository\org\mongodb\mongodb-driver\3.0.4\mongodb-driver-3.0.4.jar;C:\Users\rajneeshk\.m2\repository\org\mongodb\bson\3.0.4\bson-3.0.4.jar;C:\Users\rajneeshk\.m2\repository\org\mongodb\mongodb-driver-core\3.0.4\mongodb-driver-core-3.0.4.jar;C:\Users\rajneeshk\.m2\repository\commons-io\commons-io\2.6\commons-io-2.6.jar;C:\Users\rajneeshk\.m2\repository\org\apache\maven\surefire\surefire-testng-utils\2.20.1\surefire-testng-utils-2.20.1.jar;C:\Users\rajneeshk\.m2\repository\org\apache\maven\surefire\surefire-grouper\2.20.1\surefire-grouper-2.20.1.jar;"/>
    <property name="sun.cpu.endian" value="little"/>
    <property name="user.home" value="C:\Users\rajneeshk"/>
    <property name="user.language" value="en"/>
    <property name="java.specification.vendor" value="Oracle Corporation"/>
    <property name="java.home" value="C:\Program Files\Java\jdk1.8.0_231\jre"/>
    <property name="basedir" value="C:\Users\rajneeshk\workspace\FreeCRM"/>
    <property name="file.separator" value="\"/>
    <property name="line.separator" value="&#10;"/>
    <property name="java.vm.specification.vendor" value="Oracle Corporation"/>
    <property name="java.specification.name" value="Java Platform API Specification"/>
    <property name="java.awt.graphicsenv" value="sun.awt.Win32GraphicsEnvironment"/>
    <property name="surefire.real.class.path" value="C:\Users\RAJNEE~1\AppData\Local\Temp\surefire9032253447617288157\surefirebooter368481440771658086.jar"/>
    <property name="sun.boot.class.path" value="C:\Program Files\Java\jdk1.8.0_231\jre\lib\resources.jar;C:\Program Files\Java\jdk1.8.0_231\jre\lib\rt.jar;C:\Program Files\Java\jdk1.8.0_231\jre\lib\sunrsasign.jar;C:\Program Files\Java\jdk1.8.0_231\jre\lib\jsse.jar;C:\Program Files\Java\jdk1.8.0_231\jre\lib\jce.jar;C:\Program Files\Java\jdk1.8.0_231\jre\lib\charsets.jar;C:\Program Files\Java\jdk1.8.0_231\jre\lib\jfr.jar;C:\Program Files\Java\jdk1.8.0_231\jre\classes"/>
    <property name="user.script" value=""/>
    <property name="sun.management.compiler" value="HotSpot 64-Bit Tiered Compilers"/>
    <property name="java.runtime.version" value="1.8.0_231-b11"/>
    <property name="user.name" value="rajneeshk"/>
    <property name="path.separator" value=";"/>
    <property name="os.version" value="10.0"/>
    <property name="java.endorsed.dirs" value="C:\Program Files\Java\jdk1.8.0_231\jre\lib\endorsed"/>
    <property name="java.runtime.name" value="Java(TM) SE Runtime Environment"/>
    <property name="file.encoding" value="Cp1252"/>
    <property name="java.vm.name" value="Java HotSpot(TM) 64-Bit Server VM"/>
    <property name="localRepository" value="C:\Users\rajneeshk\.m2\repository"/>
    <property name="java.vendor.url.bug" value="http://bugreport.sun.com/bugreport/"/>
    <property name="java.io.tmpdir" value="C:\Users\RAJNEE~1\AppData\Local\Temp\"/>
    <property name="java.version" value="1.8.0_231"/>
    <property name="user.dir" value="C:\Users\rajneeshk\workspace\FreeCRM"/>
    <property name="os.arch" value="amd64"/>
    <property name="java.vm.specification.name" value="Java Virtual Machine Specification"/>
    <property name="java.awt.printerjob" value="sun.awt.windows.WPrinterJob"/>
    <property name="sun.os.patch.level" value=""/>
    <property name="java.library.path" value="C:\Program Files\Java\jdk1.8.0_231\jre\bin;C:\Windows\Sun\Java\bin;C:\Windows\system32;C:\Windows;C:/Program Files/Java/jre1.8.0_231/bin/server;C:/Program Files/Java/jre1.8.0_231/bin;C:/Program Files/Java/jre1.8.0_231/lib/amd64;C:\Program Files (x86)\Common Files\Oracle\Java\javapath;C:\Program Files\Broadcom\Broadcom 802.11 Network Adapter;C:\Windows\system32;C:\Windows;C:\Windows\System32\Wbem;C:\Windows\System32\WindowsPowerShell\v1.0\;C:\Windows\System32\OpenSSH\;C:\Program Files\Google\Google Apps Sync\;C:\Program Files\Google\Google Apps Migration\;C:\Program Files\Git\cmd;C:\Program Files\apache-maven-3.6.3\bin;C:\Program Files\Java\jdk1.8.0_231\bin;C:\Program Files\nodejs\;C:\Users\rajneeshk\AppData\Local\Microsoft\WindowsApps;C:\Users\rajneeshk\AppData\Roaming\npm;C:\Users\rajneeshk\AppData\Local\Programs\Microsoft VS Code\bin;C:\Users\rajneeshk\Desktop\eclipse;;."/>
    <property name="java.vm.info" value="mixed mode"/>
    <property name="java.vendor" value="Oracle Corporation"/>
    <property name="java.vm.version" value="25.231-b11"/>
    <property name="java.ext.dirs" value="C:\Program Files\Java\jdk1.8.0_231\jre\lib\ext;C:\Windows\Sun\Java\lib\ext"/>
    <property name="sun.io.unicode.encoding" value="UnicodeLittle"/>
    <property name="java.class.version" value="52.0"/>
  </properties>
  <testcase name="validateLogin" classname="com.crm.qa.test.LoginTest" time="23.225"/>
  <testcase name="setup" classname="com.crm.qa.test.LoginTest" time="330.579">
    <failure message="timeout: Timed out receiving message from renderer: 293.856&#10;  (Session info: chrome=83.0.4103.106)&#10;Build info: version: &apos;3.14.0&apos;, revision: &apos;aacccce0&apos;, time: &apos;2018-08-02T20:19:58.91Z&apos;&#10;System info: host: &apos;360NDCLP104&apos;, ip: &apos;192.168.43.68&apos;, os.name: &apos;Windows 10&apos;, os.arch: &apos;amd64&apos;, os.version: &apos;10.0&apos;, java.version: &apos;1.8.0_231&apos;&#10;Driver info: org.openqa.selenium.chrome.ChromeDriver&#10;Capabilities {acceptInsecureCerts: false, browserName: chrome, browserVersion: 83.0.4103.106, chrome: {chromedriverVersion: 83.0.4103.39 (ccbf011cb2d2b..., userDataDir: C:\Users\RAJNEE~1\AppData\L...}, goog:chromeOptions: {debuggerAddress: localhost:63560}, javascriptEnabled: true, networkConnectionEnabled: false, pageLoadStrategy: normal, platform: WINDOWS, platformName: WINDOWS, proxy: Proxy(), setWindowRect: true, strictFileInteractability: false, timeouts: {implicit: 0, pageLoad: 300000, script: 30000}, unhandledPromptBehavior: dismiss and notify, webauthn:virtualAuthenticators: true}&#10;Session ID: d7930e8eb7ddd0f231e483c0f35902bf" type="org.openqa.selenium.TimeoutException">org.openqa.selenium.TimeoutException: 
timeout: Timed out receiving message from renderer: 293.856
  (Session info: chrome=83.0.4103.106)
Build info: version: '3.14.0', revision: 'aacccce0', time: '2018-08-02T20:19:58.91Z'
System info: host: '360NDCLP104', ip: '192.168.43.68', os.name: 'Windows 10', os.arch: 'amd64', os.version: '10.0', java.version: '1.8.0_231'
Driver info: org.openqa.selenium.chrome.ChromeDriver
Capabilities {acceptInsecureCerts: false, browserName: chrome, browserVersion: 83.0.4103.106, chrome: {chromedriverVersion: 83.0.4103.39 (ccbf011cb2d2b..., userDataDir: C:\Users\RAJNEE~1\AppData\L...}, goog:chromeOptions: {debuggerAddress: localhost:63560}, javascriptEnabled: true, networkConnectionEnabled: false, pageLoadStrategy: normal, platform: WINDOWS, platformName: WINDOWS, proxy: Proxy(), setWindowRect: true, strictFileInteractability: false, timeouts: {implicit: 0, pageLoad: 300000, script: 30000}, unhandledPromptBehavior: dismiss and notify, webauthn:virtualAuthenticators: true}
Session ID: d7930e8eb7ddd0f231e483c0f35902bf
	at com.crm.qa.test.LoginTest.setup(LoginTest.java:25)
</failure>
    <system-out><![CDATA[C:\Users\rajneeshk\workspace\FreeCRM
]]></system-out>
    <system-err><![CDATA[Starting ChromeDriver 83.0.4103.39 (ccbf011cb2d2b19b506d844400483861342c20cd-refs/branch-heads/4103@{#416}) on port 43187
Only local connections are allowed.
Please see https://chromedriver.chromium.org/security-considerations for suggestions on keeping ChromeDriver safe.
ChromeDriver was started successfully.
Jun 22, 2020 8:58:32 PM org.openqa.selenium.remote.ProtocolHandshake createSession
INFO: Detected dialect: W3C
[1592840012.187][SEVERE]: Timed out receiving message from renderer: 293.856
[1592840012.221][SEVERE]: Timed out receiving message from renderer: 293.856
Jun 22, 2020 9:03:32 PM org.openqa.selenium.remote.ErrorCodes toStatus
INFO: HTTP Status: '500' -> incorrect JSON status mapping for 'timeout' (408 expected)
]]></system-err>
  </testcase>
  <testcase name="setup" classname="com.crm.qa.test.LoginTest" time="0">
    <skipped/>
  </testcase>
  <testcase name="validatePageTitle" classname="com.crm.qa.test.LoginTest" time="0">
    <skipped message="timeout: Timed out receiving message from renderer: 293.856&#10;  (Session info: chrome=83.0.4103.106)&#10;Build info: version: &apos;3.14.0&apos;, revision: &apos;aacccce0&apos;, time: &apos;2018-08-02T20:19:58.91Z&apos;&#10;System info: host: &apos;360NDCLP104&apos;, ip: &apos;192.168.43.68&apos;, os.name: &apos;Windows 10&apos;, os.arch: &apos;amd64&apos;, os.version: &apos;10.0&apos;, java.version: &apos;1.8.0_231&apos;&#10;Driver info: org.openqa.selenium.chrome.ChromeDriver&#10;Capabilities {acceptInsecureCerts: false, browserName: chrome, browserVersion: 83.0.4103.106, chrome: {chromedriverVersion: 83.0.4103.39 (ccbf011cb2d2b..., userDataDir: C:\Users\RAJNEE~1\AppData\L...}, goog:chromeOptions: {debuggerAddress: localhost:63560}, javascriptEnabled: true, networkConnectionEnabled: false, pageLoadStrategy: normal, platform: WINDOWS, platformName: WINDOWS, proxy: Proxy(), setWindowRect: true, strictFileInteractability: false, timeouts: {implicit: 0, pageLoad: 300000, script: 30000}, unhandledPromptBehavior: dismiss and notify, webauthn:virtualAuthenticators: true}&#10;Session ID: d7930e8eb7ddd0f231e483c0f35902bf"/>
  </testcase>
  <testcase name="validateinvalidLogin" classname="com.crm.qa.test.LoginTest" time="0">
    <skipped message="timeout: Timed out receiving message from renderer: 293.856&#10;  (Session info: chrome=83.0.4103.106)&#10;Build info: version: &apos;3.14.0&apos;, revision: &apos;aacccce0&apos;, time: &apos;2018-08-02T20:19:58.91Z&apos;&#10;System info: host: &apos;360NDCLP104&apos;, ip: &apos;192.168.43.68&apos;, os.name: &apos;Windows 10&apos;, os.arch: &apos;amd64&apos;, os.version: &apos;10.0&apos;, java.version: &apos;1.8.0_231&apos;&#10;Driver info: org.openqa.selenium.chrome.ChromeDriver&#10;Capabilities {acceptInsecureCerts: false, browserName: chrome, browserVersion: 83.0.4103.106, chrome: {chromedriverVersion: 83.0.4103.39 (ccbf011cb2d2b..., userDataDir: C:\Users\RAJNEE~1\AppData\L...}, goog:chromeOptions: {debuggerAddress: localhost:63560}, javascriptEnabled: true, networkConnectionEnabled: false, pageLoadStrategy: normal, platform: WINDOWS, platformName: WINDOWS, proxy: Proxy(), setWindowRect: true, strictFileInteractability: false, timeouts: {implicit: 0, pageLoad: 300000, script: 30000}, unhandledPromptBehavior: dismiss and notify, webauthn:virtualAuthenticators: true}&#10;Session ID: d7930e8eb7ddd0f231e483c0f35902bf"/>
  </testcase>
  <testcase name="setup" classname="com.crm.qa.test.HomeTest" time="364.324">
    <failure type="java.lang.NullPointerException">java.lang.NullPointerException
	at com.crm.qa.test.HomeTest.setup(HomeTest.java:32)
</failure>
    <system-out><![CDATA[C:\Users\rajneeshk\workspace\FreeCRM
]]></system-out>
    <system-err><![CDATA[Starting ChromeDriver 83.0.4103.39 (ccbf011cb2d2b19b506d844400483861342c20cd-refs/branch-heads/4103@{#416}) on port 31897
Only local connections are allowed.
Please see https://chromedriver.chromium.org/security-considerations for suggestions on keeping ChromeDriver safe.
ChromeDriver was started successfully.
Jun 22, 2020 9:03:38 PM org.openqa.selenium.remote.ProtocolHandshake createSession
INFO: Detected dialect: W3C
]]></system-err>
  </testcase>
  <testcase name="setup" classname="com.crm.qa.test.HomeTest" time="0">
    <skipped/>
  </testcase>
  <testcase name="setup" classname="com.crm.qa.test.HomeTest" time="0">
    <skipped/>
  </testcase>
  <testcase name="setup" classname="com.crm.qa.test.HomeTest" time="0">
    <skipped/>
  </testcase>
  <testcase name="showMenuList" classname="com.crm.qa.test.HomeTest" time="0">
    <skipped/>
  </testcase>
  <testcase name="verifyCalenderPage" classname="com.crm.qa.test.HomeTest" time="0">
    <skipped/>
  </testcase>
  <testcase name="verifyContactPage" classname="com.crm.qa.test.HomeTest" time="0">
    <skipped/>
  </testcase>
  <testcase name="verifyManuClick" classname="com.crm.qa.test.HomeTest" time="0">
    <skipped/>
  </testcase>
  <testcase name="setup" classname="com.crm.qa.test.ContactTest" time="382.401">
    <failure message="session not created&#10;from chrome not reachable&#10;  (Session info: chrome=83.0.4103.106)&#10;Build info: version: &apos;3.14.0&apos;, revision: &apos;aacccce0&apos;, time: &apos;2018-08-02T20:19:58.91Z&apos;&#10;System info: host: &apos;360NDCLP104&apos;, ip: &apos;192.168.43.68&apos;, os.name: &apos;Windows 10&apos;, os.arch: &apos;amd64&apos;, os.version: &apos;10.0&apos;, java.version: &apos;1.8.0_231&apos;&#10;Driver info: driver.version: ChromeDriver&#10;remote stacktrace: Backtrace:&#10;	Ordinal0 [0x00FA9563+2725219]&#10;	Ordinal0 [0x00EA8551+1672529]&#10;	Ordinal0 [0x00D90202+524802]&#10;	Ordinal0 [0x00D899B2+498098]&#10;	Ordinal0 [0x00D8A09B+499867]&#10;	Ordinal0 [0x00D8AFF5+503797]&#10;	Ordinal0 [0x00D86994+485780]&#10;	Ordinal0 [0x00D90FF0+528368]&#10;	Ordinal0 [0x00D3D6C9+186057]&#10;	Ordinal0 [0x00D3CA3D+182845]&#10;	Ordinal0 [0x00D3A94B+174411]&#10;	Ordinal0 [0x00D22528+75048]&#10;	Ordinal0 [0x00D235A0+79264]&#10;	Ordinal0 [0x00D23539+79161]&#10;	Ordinal0 [0x00EBD607+1758727]&#10;	GetHandleVerifier [0x010C6546+1050150]&#10;	GetHandleVerifier [0x010C6291+1049457]&#10;	GetHandleVerifier [0x010D10D7+1094071]&#10;	GetHandleVerifier [0x010C6B46+1051686]&#10;	Ordinal0 [0x00EB5B06+1727238]&#10;	Ordinal0 [0x00EBEB7B+1764219]&#10;	Ordinal0 [0x00EBECE3+1764579]&#10;	Ordinal0 [0x00ED4C05+1854469]&#10;	BaseThreadInitThunk [0x751B6359+25]&#10;	RtlGetAppContainerNamedObjectPath [0x77A17C24+228]&#10;	RtlGetAppContainerNamedObjectPath [0x77A17BF4+180]&#10;" type="org.openqa.selenium.SessionNotCreatedException">org.openqa.selenium.SessionNotCreatedException: 
session not created
from chrome not reachable
  (Session info: chrome=83.0.4103.106)
Build info: version: '3.14.0', revision: 'aacccce0', time: '2018-08-02T20:19:58.91Z'
System info: host: '360NDCLP104', ip: '192.168.43.68', os.name: 'Windows 10', os.arch: 'amd64', os.version: '10.0', java.version: '1.8.0_231'
Driver info: driver.version: ChromeDriver
remote stacktrace: Backtrace:
	Ordinal0 [0x00FA9563+2725219]
	Ordinal0 [0x00EA8551+1672529]
	Ordinal0 [0x00D90202+524802]
	Ordinal0 [0x00D899B2+498098]
	Ordinal0 [0x00D8A09B+499867]
	Ordinal0 [0x00D8AFF5+503797]
	Ordinal0 [0x00D86994+485780]
	Ordinal0 [0x00D90FF0+528368]
	Ordinal0 [0x00D3D6C9+186057]
	Ordinal0 [0x00D3CA3D+182845]
	Ordinal0 [0x00D3A94B+174411]
	Ordinal0 [0x00D22528+75048]
	Ordinal0 [0x00D235A0+79264]
	Ordinal0 [0x00D23539+79161]
	Ordinal0 [0x00EBD607+1758727]
	GetHandleVerifier [0x010C6546+1050150]
	GetHandleVerifier [0x010C6291+1049457]
	GetHandleVerifier [0x010D10D7+1094071]
	GetHandleVerifier [0x010C6B46+1051686]
	Ordinal0 [0x00EB5B06+1727238]
	Ordinal0 [0x00EBEB7B+1764219]
	Ordinal0 [0x00EBECE3+1764579]
	Ordinal0 [0x00ED4C05+1854469]
	BaseThreadInitThunk [0x751B6359+25]
	RtlGetAppContainerNamedObjectPath [0x77A17C24+228]
	RtlGetAppContainerNamedObjectPath [0x77A17BF4+180]

	at com.crm.qa.test.ContactTest.setup(ContactTest.java:30)
</failure>
    <system-out><![CDATA[Sheet Name: Users
C:\Users\rajneeshk\workspace\FreeCRM
]]></system-out>
    <system-err><![CDATA[Starting ChromeDriver 83.0.4103.39 (ccbf011cb2d2b19b506d844400483861342c20cd-refs/branch-heads/4103@{#416}) on port 7003
Only local connections are allowed.
Please see https://chromedriver.chromium.org/security-considerations for suggestions on keeping ChromeDriver safe.
ChromeDriver was started successfully.
[1592840056.033][WARNING]: Timed out connecting to Chrome, retrying...
]]></system-err>
  </testcase>
  <testcase name="setup" classname="com.crm.qa.test.ContactTest" time="0">
    <skipped/>
  </testcase>
  <testcase name="setup" classname="com.crm.qa.test.ContactTest" time="0">
    <skipped/>
  </testcase>
  <testcase name="setup" classname="com.crm.qa.test.ContactTest" time="0">
    <skipped/>
  </testcase>
  <testcase name="validateCreateContact" classname="com.crm.qa.test.ContactTest" time="0">
    <skipped message="session not created&#10;from chrome not reachable&#10;  (Session info: chrome=83.0.4103.106)&#10;Build info: version: &apos;3.14.0&apos;, revision: &apos;aacccce0&apos;, time: &apos;2018-08-02T20:19:58.91Z&apos;&#10;System info: host: &apos;360NDCLP104&apos;, ip: &apos;192.168.43.68&apos;, os.name: &apos;Windows 10&apos;, os.arch: &apos;amd64&apos;, os.version: &apos;10.0&apos;, java.version: &apos;1.8.0_231&apos;&#10;Driver info: driver.version: ChromeDriver&#10;remote stacktrace: Backtrace:&#10;	Ordinal0 [0x00FA9563+2725219]&#10;	Ordinal0 [0x00EA8551+1672529]&#10;	Ordinal0 [0x00D90202+524802]&#10;	Ordinal0 [0x00D899B2+498098]&#10;	Ordinal0 [0x00D8A09B+499867]&#10;	Ordinal0 [0x00D8AFF5+503797]&#10;	Ordinal0 [0x00D86994+485780]&#10;	Ordinal0 [0x00D90FF0+528368]&#10;	Ordinal0 [0x00D3D6C9+186057]&#10;	Ordinal0 [0x00D3CA3D+182845]&#10;	Ordinal0 [0x00D3A94B+174411]&#10;	Ordinal0 [0x00D22528+75048]&#10;	Ordinal0 [0x00D235A0+79264]&#10;	Ordinal0 [0x00D23539+79161]&#10;	Ordinal0 [0x00EBD607+1758727]&#10;	GetHandleVerifier [0x010C6546+1050150]&#10;	GetHandleVerifier [0x010C6291+1049457]&#10;	GetHandleVerifier [0x010D10D7+1094071]&#10;	GetHandleVerifier [0x010C6B46+1051686]&#10;	Ordinal0 [0x00EB5B06+1727238]&#10;	Ordinal0 [0x00EBEB7B+1764219]&#10;	Ordinal0 [0x00EBECE3+1764579]&#10;	Ordinal0 [0x00ED4C05+1854469]&#10;	BaseThreadInitThunk [0x751B6359+25]&#10;	RtlGetAppContainerNamedObjectPath [0x77A17C24+228]&#10;	RtlGetAppContainerNamedObjectPath [0x77A17BF4+180]&#10;"/>
  </testcase>
  <testcase name="validateCreateContact" classname="com.crm.qa.test.ContactTest" time="0">
    <skipped message="session not created&#10;from chrome not reachable&#10;  (Session info: chrome=83.0.4103.106)&#10;Build info: version: &apos;3.14.0&apos;, revision: &apos;aacccce0&apos;, time: &apos;2018-08-02T20:19:58.91Z&apos;&#10;System info: host: &apos;360NDCLP104&apos;, ip: &apos;192.168.43.68&apos;, os.name: &apos;Windows 10&apos;, os.arch: &apos;amd64&apos;, os.version: &apos;10.0&apos;, java.version: &apos;1.8.0_231&apos;&#10;Driver info: driver.version: ChromeDriver&#10;remote stacktrace: Backtrace:&#10;	Ordinal0 [0x00FA9563+2725219]&#10;	Ordinal0 [0x00EA8551+1672529]&#10;	Ordinal0 [0x00D90202+524802]&#10;	Ordinal0 [0x00D899B2+498098]&#10;	Ordinal0 [0x00D8A09B+499867]&#10;	Ordinal0 [0x00D8AFF5+503797]&#10;	Ordinal0 [0x00D86994+485780]&#10;	Ordinal0 [0x00D90FF0+528368]&#10;	Ordinal0 [0x00D3D6C9+186057]&#10;	Ordinal0 [0x00D3CA3D+182845]&#10;	Ordinal0 [0x00D3A94B+174411]&#10;	Ordinal0 [0x00D22528+75048]&#10;	Ordinal0 [0x00D235A0+79264]&#10;	Ordinal0 [0x00D23539+79161]&#10;	Ordinal0 [0x00EBD607+1758727]&#10;	GetHandleVerifier [0x010C6546+1050150]&#10;	GetHandleVerifier [0x010C6291+1049457]&#10;	GetHandleVerifier [0x010D10D7+1094071]&#10;	GetHandleVerifier [0x010C6B46+1051686]&#10;	Ordinal0 [0x00EB5B06+1727238]&#10;	Ordinal0 [0x00EBEB7B+1764219]&#10;	Ordinal0 [0x00EBECE3+1764579]&#10;	Ordinal0 [0x00ED4C05+1854469]&#10;	BaseThreadInitThunk [0x751B6359+25]&#10;	RtlGetAppContainerNamedObjectPath [0x77A17C24+228]&#10;	RtlGetAppContainerNamedObjectPath [0x77A17BF4+180]&#10;"/>
  </testcase>
  <testcase name="validateCreateContact" classname="com.crm.qa.test.ContactTest" time="0">
    <skipped message="session not created&#10;from chrome not reachable&#10;  (Session info: chrome=83.0.4103.106)&#10;Build info: version: &apos;3.14.0&apos;, revision: &apos;aacccce0&apos;, time: &apos;2018-08-02T20:19:58.91Z&apos;&#10;System info: host: &apos;360NDCLP104&apos;, ip: &apos;192.168.43.68&apos;, os.name: &apos;Windows 10&apos;, os.arch: &apos;amd64&apos;, os.version: &apos;10.0&apos;, java.version: &apos;1.8.0_231&apos;&#10;Driver info: driver.version: ChromeDriver&#10;remote stacktrace: Backtrace:&#10;	Ordinal0 [0x00FA9563+2725219]&#10;	Ordinal0 [0x00EA8551+1672529]&#10;	Ordinal0 [0x00D90202+524802]&#10;	Ordinal0 [0x00D899B2+498098]&#10;	Ordinal0 [0x00D8A09B+499867]&#10;	Ordinal0 [0x00D8AFF5+503797]&#10;	Ordinal0 [0x00D86994+485780]&#10;	Ordinal0 [0x00D90FF0+528368]&#10;	Ordinal0 [0x00D3D6C9+186057]&#10;	Ordinal0 [0x00D3CA3D+182845]&#10;	Ordinal0 [0x00D3A94B+174411]&#10;	Ordinal0 [0x00D22528+75048]&#10;	Ordinal0 [0x00D235A0+79264]&#10;	Ordinal0 [0x00D23539+79161]&#10;	Ordinal0 [0x00EBD607+1758727]&#10;	GetHandleVerifier [0x010C6546+1050150]&#10;	GetHandleVerifier [0x010C6291+1049457]&#10;	GetHandleVerifier [0x010D10D7+1094071]&#10;	GetHandleVerifier [0x010C6B46+1051686]&#10;	Ordinal0 [0x00EB5B06+1727238]&#10;	Ordinal0 [0x00EBEB7B+1764219]&#10;	Ordinal0 [0x00EBECE3+1764579]&#10;	Ordinal0 [0x00ED4C05+1854469]&#10;	BaseThreadInitThunk [0x751B6359+25]&#10;	RtlGetAppContainerNamedObjectPath [0x77A17C24+228]&#10;	RtlGetAppContainerNamedObjectPath [0x77A17BF4+180]&#10;"/>
  </testcase>
  <testcase name="validateCreateContact" classname="com.crm.qa.test.ContactTest" time="0">
    <skipped message="session not created&#10;from chrome not reachable&#10;  (Session info: chrome=83.0.4103.106)&#10;Build info: version: &apos;3.14.0&apos;, revision: &apos;aacccce0&apos;, time: &apos;2018-08-02T20:19:58.91Z&apos;&#10;System info: host: &apos;360NDCLP104&apos;, ip: &apos;192.168.43.68&apos;, os.name: &apos;Windows 10&apos;, os.arch: &apos;amd64&apos;, os.version: &apos;10.0&apos;, java.version: &apos;1.8.0_231&apos;&#10;Driver info: driver.version: ChromeDriver&#10;remote stacktrace: Backtrace:&#10;	Ordinal0 [0x00FA9563+2725219]&#10;	Ordinal0 [0x00EA8551+1672529]&#10;	Ordinal0 [0x00D90202+524802]&#10;	Ordinal0 [0x00D899B2+498098]&#10;	Ordinal0 [0x00D8A09B+499867]&#10;	Ordinal0 [0x00D8AFF5+503797]&#10;	Ordinal0 [0x00D86994+485780]&#10;	Ordinal0 [0x00D90FF0+528368]&#10;	Ordinal0 [0x00D3D6C9+186057]&#10;	Ordinal0 [0x00D3CA3D+182845]&#10;	Ordinal0 [0x00D3A94B+174411]&#10;	Ordinal0 [0x00D22528+75048]&#10;	Ordinal0 [0x00D235A0+79264]&#10;	Ordinal0 [0x00D23539+79161]&#10;	Ordinal0 [0x00EBD607+1758727]&#10;	GetHandleVerifier [0x010C6546+1050150]&#10;	GetHandleVerifier [0x010C6291+1049457]&#10;	GetHandleVerifier [0x010D10D7+1094071]&#10;	GetHandleVerifier [0x010C6B46+1051686]&#10;	Ordinal0 [0x00EB5B06+1727238]&#10;	Ordinal0 [0x00EBEB7B+1764219]&#10;	Ordinal0 [0x00EBECE3+1764579]&#10;	Ordinal0 [0x00ED4C05+1854469]&#10;	BaseThreadInitThunk [0x751B6359+25]&#10;	RtlGetAppContainerNamedObjectPath [0x77A17C24+228]&#10;	RtlGetAppContainerNamedObjectPath [0x77A17BF4+180]&#10;"/>
  </testcase>
</testsuite>