<?xml version="1.0" encoding="UTF-8"?>
<!-- Generated by org.testng.reporters.JUnitReportReporter -->
<testsuite skipped="0" hostname="360NDCLP182" name="com.crm.qa.test.HomeTest" tests="4" failures="0" timestamp="15 Jul 2020 11:31:17 GMT" time="71.139" errors="0">
  <testcase name="showMenuList" time="18.053" classname="com.crm.qa.test.HomeTest"/>
  <testcase name="verifyManuClick" time="17.811" classname="com.crm.qa.test.HomeTest"/>
  <testcase name="verifyCalenderPage" time="19.241" classname="com.crm.qa.test.HomeTest"/>
  <testcase name="verifyContactPage" time="16.034" classname="com.crm.qa.test.HomeTest"/>
</testsuite> <!-- com.crm.qa.test.HomeTest -->
