<?xml version="1.0" encoding="UTF-8"?>
<!-- Generated by org.testng.reporters.JUnitReportReporter -->
<testsuite skipped="0" hostname="360NDCLP182" name="com.crm.qa.test.LoginTest" tests="3" failures="0" timestamp="02 Jul 2020 15:18:16 GMT" time="173.481" errors="0">
  <testcase name="validatePageTitle" time="55.580" classname="com.crm.qa.test.LoginTest"/>
  <testcase name="validateInvalidLogin" time="12.815" classname="com.crm.qa.test.LoginTest"/>
  <testcase name="validateLogin" time="105.086" classname="com.crm.qa.test.LoginTest"/>
</testsuite> <!-- com.crm.qa.test.LoginTest -->
