<?xml version="1.0" encoding="UTF-8"?>
<!-- Generated by org.testng.reporters.JUnitReportReporter -->
<testsuite skipped="0" hostname="360NDCLP182" name="com.crm.qa.test.HomeTest" tests="4" failures="0" timestamp="02 Jul 2020 14:40:02 GMT" time="61.757" errors="0">
  <testcase name="showMenuList" time="15.747" classname="com.crm.qa.test.HomeTest"/>
  <testcase name="verifyManuClick" time="14.858" classname="com.crm.qa.test.HomeTest"/>
  <testcase name="verifyCalenderPage" time="13.489" classname="com.crm.qa.test.HomeTest"/>
  <testcase name="verifyContactPage" time="17.663" classname="com.crm.qa.test.HomeTest"/>
</testsuite> <!-- com.crm.qa.test.HomeTest -->
