<?xml version="1.0" encoding="UTF-8"?>
<!-- Generated by org.testng.reporters.JUnitReportReporter -->
<testsuite skipped="0" hostname="360NDCLP182" name="com.crm.qa.test.LoginTest" tests="1" failures="0" timestamp="15 Jul 2020 11:57:05 GMT" time="14.558" errors="0">
  <testcase name="validateLogin" time="14.558" classname="com.crm.qa.test.LoginTest"/>
</testsuite> <!-- com.crm.qa.test.LoginTest -->
