<?xml version="1.0" encoding="UTF-8"?>
<!-- Generated by org.testng.reporters.JUnitReportReporter -->
<testsuite skipped="0" hostname="360NDCLP182" name="com.crm.qa.test.LoginTest" tests="3" failures="0" timestamp="15 Jul 2020 12:47:35 GMT" time="40.131" errors="0">
  <testcase name="validatePageTitle" time="12.738" classname="com.crm.qa.test.LoginTest"/>
  <testcase name="validateInvalidLogin" time="13.840" classname="com.crm.qa.test.LoginTest"/>
  <testcase name="validateLogin" time="13.553" classname="com.crm.qa.test.LoginTest"/>
</testsuite> <!-- com.crm.qa.test.LoginTest -->
