<?xml version="1.0" encoding="UTF-8"?>
<!-- Generated by org.testng.reporters.JUnitReportReporter -->
<testsuite skipped="4" hostname="360NDCLP104" name="com.crm.qa.test.ContactTest" tests="5" failures="0" timestamp="22 Jun 2020 15:34:24 GMT" time="16.039" errors="1">
  <testcase name="setup" time="16.039" classname="com.crm.qa.test.ContactTest">
    <error type="org.openqa.selenium.SessionNotCreatedException" message="session not created
from chrome not reachable
  (Session info: chrome=83.0.4103.106)
Build info: version: &#039;3.14.0&#039;, revision: &#039;aacccce0&#039;, time: &#039;2018-08-02T20:19:58.91Z&#039;
System info: host: &#039;360NDCLP104&#039;, ip: &#039;192.168.43.68&#039;, os.name: &#039;Windows 10&#039;, os.arch: &#039;amd64&#039;, os.version: &#039;10.0&#039;, java.version: &#039;1.8.0_231&#039;
Driver info: driver.version: ChromeDriver
remote stacktrace: Backtrace:
	Ordinal0 [0x00FA9563+2725219]
	Ordinal0 [0x00EA8551+1672529]
	Ordinal0 [0x00D90202+524802]
	Ordinal0 [0x00D899B2+498098]
	Ordinal0 [0x00D8A09B+499867]
	Ordinal0 [0x00D8AFF5+503797]
	Ordinal0 [0x00D86994+485780]
	Ordinal0 [0x00D90FF0+528368]
	Ordinal0 [0x00D3D6C9+186057]
	Ordinal0 [0x00D3CA3D+182845]
	Ordinal0 [0x00D3A94B+174411]
	Ordinal0 [0x00D22528+75048]
	Ordinal0 [0x00D235A0+79264]
	Ordinal0 [0x00D23539+79161]
	Ordinal0 [0x00EBD607+1758727]
	GetHandleVerifier [0x010C6546+1050150]
	GetHandleVerifier [0x010C6291+1049457]
	GetHandleVerifier [0x010D10D7+1094071]
	GetHandleVerifier [0x010C6B46+1051686]
	Ordinal0 [0x00EB5B06+1727238]
	Ordinal0 [0x00EBEB7B+1764219]
	Ordinal0 [0x00EBECE3+1764579]
	Ordinal0 [0x00ED4C05+1854469]
	BaseThreadInitThunk [0x751B6359+25]
	RtlGetAppContainerNamedObjectPath [0x77A17C24+228]
	RtlGetAppContainerNamedObjectPath [0x77A17BF4+180]
">
      <![CDATA[org.openqa.selenium.SessionNotCreatedException: session not created
from chrome not reachable
  (Session info: chrome=83.0.4103.106)
Build info: version: '3.14.0', revision: 'aacccce0', time: '2018-08-02T20:19:58.91Z'
System info: host: '360NDCLP104', ip: '192.168.43.68', os.name: 'Windows 10', os.arch: 'amd64', os.version: '10.0', java.version: '1.8.0_231'
Driver info: driver.version: ChromeDriver
remote stacktrace: Backtrace:
	Ordinal0 [0x00FA9563+2725219]
	Ordinal0 [0x00EA8551+1672529]
	Ordinal0 [0x00D90202+524802]
	Ordinal0 [0x00D899B2+498098]
	Ordinal0 [0x00D8A09B+499867]
	Ordinal0 [0x00D8AFF5+503797]
	Ordinal0 [0x00D86994+485780]
	Ordinal0 [0x00D90FF0+528368]
	Ordinal0 [0x00D3D6C9+186057]
	Ordinal0 [0x00D3CA3D+182845]
	Ordinal0 [0x00D3A94B+174411]
	Ordinal0 [0x00D22528+75048]
	Ordinal0 [0x00D235A0+79264]
	Ordinal0 [0x00D23539+79161]
	Ordinal0 [0x00EBD607+1758727]
	GetHandleVerifier [0x010C6546+1050150]
	GetHandleVerifier [0x010C6291+1049457]
	GetHandleVerifier [0x010D10D7+1094071]
	GetHandleVerifier [0x010C6B46+1051686]
	Ordinal0 [0x00EB5B06+1727238]
	Ordinal0 [0x00EBEB7B+1764219]
	Ordinal0 [0x00EBECE3+1764579]
	Ordinal0 [0x00ED4C05+1854469]
	BaseThreadInitThunk [0x751B6359+25]
	RtlGetAppContainerNamedObjectPath [0x77A17C24+228]
	RtlGetAppContainerNamedObjectPath [0x77A17BF4+180]

	at sun.reflect.NativeConstructorAccessorImpl.newInstance0(Native Method)
	at sun.reflect.NativeConstructorAccessorImpl.newInstance(NativeConstructorAccessorImpl.java:62)
	at sun.reflect.DelegatingConstructorAccessorImpl.newInstance(DelegatingConstructorAccessorImpl.java:45)
	at java.lang.reflect.Constructor.newInstance(Constructor.java:423)
	at org.openqa.selenium.remote.W3CHandshakeResponse.lambda$new$0(W3CHandshakeResponse.java:57)
	at org.openqa.selenium.remote.W3CHandshakeResponse.lambda$getResponseFunction$2(W3CHandshakeResponse.java:104)
	at org.openqa.selenium.remote.ProtocolHandshake.lambda$createSession$0(ProtocolHandshake.java:122)
	at java.util.stream.ReferencePipeline$3$1.accept(ReferencePipeline.java:193)
	at java.util.Spliterators$ArraySpliterator.tryAdvance(Spliterators.java:958)
	at java.util.stream.ReferencePipeline.forEachWithCancel(ReferencePipeline.java:126)
	at java.util.stream.AbstractPipeline.copyIntoWithCancel(AbstractPipeline.java:499)
	at java.util.stream.AbstractPipeline.copyInto(AbstractPipeline.java:486)
	at java.util.stream.AbstractPipeline.wrapAndCopyInto(AbstractPipeline.java:472)
	at java.util.stream.FindOps$FindOp.evaluateSequential(FindOps.java:152)
	at java.util.stream.AbstractPipeline.evaluate(AbstractPipeline.java:234)
	at java.util.stream.ReferencePipeline.findFirst(ReferencePipeline.java:464)
	at org.openqa.selenium.remote.ProtocolHandshake.createSession(ProtocolHandshake.java:125)
	at org.openqa.selenium.remote.ProtocolHandshake.createSession(ProtocolHandshake.java:73)
	at org.openqa.selenium.remote.HttpCommandExecutor.execute(HttpCommandExecutor.java:136)
	at org.openqa.selenium.remote.service.DriverCommandExecutor.execute(DriverCommandExecutor.java:83)
	at org.openqa.selenium.remote.RemoteWebDriver.execute(RemoteWebDriver.java:548)
	at org.openqa.selenium.remote.RemoteWebDriver.startSession(RemoteWebDriver.java:212)
	at org.openqa.selenium.remote.RemoteWebDriver.<init>(RemoteWebDriver.java:130)
	at org.openqa.selenium.chrome.ChromeDriver.<init>(ChromeDriver.java:181)
	at org.openqa.selenium.chrome.ChromeDriver.<init>(ChromeDriver.java:168)
	at org.openqa.selenium.chrome.ChromeDriver.<init>(ChromeDriver.java:123)
	at com.crm.qa.base.BaseTest.initilization(BaseTest.java:53)
	at com.crm.qa.test.ContactTest.setup(ContactTest.java:30)
	at sun.reflect.NativeMethodAccessorImpl.invoke0(Native Method)
	at sun.reflect.NativeMethodAccessorImpl.invoke(NativeMethodAccessorImpl.java:62)
	at sun.reflect.DelegatingMethodAccessorImpl.invoke(DelegatingMethodAccessorImpl.java:43)
	at java.lang.reflect.Method.invoke(Method.java:498)
	at org.testng.internal.MethodInvocationHelper.invokeMethod(MethodInvocationHelper.java:108)
	at org.testng.internal.Invoker.invokeConfigurationMethod(Invoker.java:523)
	at org.testng.internal.Invoker.invokeConfigurations(Invoker.java:224)
	at org.testng.internal.Invoker.invokeMethod(Invoker.java:599)
	at org.testng.internal.Invoker.invokeTestMethod(Invoker.java:869)
	at org.testng.internal.Invoker.invokeTestMethods(Invoker.java:1193)
	at org.testng.internal.TestMethodWorker.invokeTestMethods(TestMethodWorker.java:126)
	at org.testng.internal.TestMethodWorker.run(TestMethodWorker.java:109)
	at org.testng.TestRunner.privateRun(TestRunner.java:744)
	at org.testng.TestRunner.run(TestRunner.java:602)
	at org.testng.SuiteRunner.runTest(SuiteRunner.java:380)
	at org.testng.SuiteRunner.runSequentially(SuiteRunner.java:375)
	at org.testng.SuiteRunner.privateRun(SuiteRunner.java:340)
	at org.testng.SuiteRunner.run(SuiteRunner.java:289)
	at org.testng.SuiteRunnerWorker.runSuite(SuiteRunnerWorker.java:52)
	at org.testng.SuiteRunnerWorker.run(SuiteRunnerWorker.java:86)
	at org.testng.TestNG.runSuitesSequentially(TestNG.java:1301)
	at org.testng.TestNG.runSuitesLocally(TestNG.java:1226)
	at org.testng.TestNG.runSuites(TestNG.java:1144)
	at org.testng.TestNG.run(TestNG.java:1115)
	at org.apache.maven.surefire.testng.TestNGExecutor.run(TestNGExecutor.java:283)
	at org.apache.maven.surefire.testng.TestNGXmlTestSuite.execute(TestNGXmlTestSuite.java:75)
	at org.apache.maven.surefire.testng.TestNGProvider.invoke(TestNGProvider.java:120)
	at org.apache.maven.surefire.booter.ForkedBooter.invokeProviderInSameClassLoader(ForkedBooter.java:373)
	at org.apache.maven.surefire.booter.ForkedBooter.runSuitesInProcess(ForkedBooter.java:334)
	at org.apache.maven.surefire.booter.ForkedBooter.execute(ForkedBooter.java:119)
	at org.apache.maven.surefire.booter.ForkedBooter.main(ForkedBooter.java:407)
]]>
    </error>
  </testcase> <!-- setup -->
  <testcase name="validateCreateContact" time="0.000" classname="com.crm.qa.test.ContactTest">
    <skipped/>
  </testcase> <!-- validateCreateContact -->
  <testcase name="validateCreateContact" time="0.000" classname="com.crm.qa.test.ContactTest">
    <skipped/>
  </testcase> <!-- validateCreateContact -->
  <testcase name="validateCreateContact" time="0.000" classname="com.crm.qa.test.ContactTest">
    <skipped/>
  </testcase> <!-- validateCreateContact -->
  <testcase name="validateCreateContact" time="0.000" classname="com.crm.qa.test.ContactTest">
    <skipped/>
  </testcase> <!-- validateCreateContact -->
</testsuite> <!-- com.crm.qa.test.ContactTest -->
