<?xml version="1.0" encoding="UTF-8"?>
<!-- Generated by org.testng.reporters.JUnitReportReporter -->
<testsuite skipped="0" hostname="360NDCLP182" name="com.crm.qa.test.HomeTest" tests="4" failures="0" timestamp="15 Jul 2020 12:47:35 GMT" time="57.003" errors="0">
  <testcase name="showMenuList" time="14.589" classname="com.crm.qa.test.HomeTest"/>
  <testcase name="verifyManuClick" time="14.575" classname="com.crm.qa.test.HomeTest"/>
  <testcase name="verifyCalenderPage" time="13.778" classname="com.crm.qa.test.HomeTest"/>
  <testcase name="verifyContactPage" time="14.061" classname="com.crm.qa.test.HomeTest"/>
</testsuite> <!-- com.crm.qa.test.HomeTest -->
